0 info it worked if it ends with ok
1 verbose cli [ 'C:\\Program Files\\nodejs\\node.exe',
1 verbose cli   'C:\\Program Files\\nodejs\\node_modules\\npm\\bin\\npm-cli.js',
1 verbose cli   'run',
1 verbose cli   'test' ]
2 info using npm@3.3.12
3 info using node@v5.5.0
4 verbose run-script [ 'pretest', 'test', 'posttest' ]
5 info lifecycle image-processing@1.0.0~pretest: image-processing@1.0.0
6 silly lifecycle image-processing@1.0.0~pretest: no script for pretest, continuing
7 info lifecycle image-processing@1.0.0~test: image-processing@1.0.0
8 verbose lifecycle image-processing@1.0.0~test: unsafe-perm in lifecycle true
9 verbose lifecycle image-processing@1.0.0~test: PATH: C:\Users\Nick\AppData\Roaming\nvm\v5.5.0\node_modules\npm\bin\node-gyp-bin;C:\GitHub\modules\procimg\node_modules\.bin;C:\Program Files\ConEmu;C:\Program Files\ConEmu\ConEmu;C:\Program Files\ImageMagick-6.9.3-Q16;C:\Python27\;C:\Python27\Scripts;C:\Windows\system32;C:\Windows;C:\Windows\System32\Wbem;C:\Windows\System32\WindowsPowerShell\v1.0\;C:\Program Files\Microsoft SQL Server\110\Tools\Binn\;C:\Program Files\Microsoft SQL Server\120\Tools\Binn\;C:\Program Files (x86)\Windows Kits\8.1\Windows Performance Toolkit\;C:\Program Files\Microsoft\Web Platform Installer\;C:\Program Files (x86)\Overlook Fing 2.2\bin;C:\Program Files (x86)\Microsoft SDKs\Azure\CLI\wbin;C:\Program Files (x86)\GtkSharp\2.12\bin;C:\Program Files\Microsoft DNX\Dnvm\;C:\Program Files (x86)\Skype\Phone\;C:\Users\Nick\AppData\Local\Programs\Git\cmd;C:\Users\Nick\AppData\Roaming\nvm;C:\Program Files\nodejs;C:\Program Files (x86)\Qemu\;C:\Program Files (x86)\Elm Platform\0.16\bin;C:\Program Files (x86)\GnuWin32\bin;C:\Program Files\MongoDB\Server\3.0\bin;C:\Program Files (x86)\Microsoft VS Code\bin;C:\Program Files (x86)\Xming;C:\Program Files (x86)\PuTTY;C:\Users\Nick\AppData\Roaming\npm;C:\Users\Nick\Downloads\qemu-0.13.0-windows\;C:\Program Files\Docker Toolbox\;C:\Users\Nick\AppData\Local\Programs\EmEditor
10 verbose lifecycle image-processing@1.0.0~test: CWD: C:\GitHub\modules\procimg
11 silly lifecycle image-processing@1.0.0~test: Args: [ '/d /s /c', 'mocha --compilers js:babel-core/register' ]
12 silly lifecycle image-processing@1.0.0~test: Returned: code: 3  signal: null
13 info lifecycle image-processing@1.0.0~test: Failed to exec test script
14 verbose stack Error: image-processing@1.0.0 test: `mocha --compilers js:babel-core/register`
14 verbose stack Exit status 3
14 verbose stack     at EventEmitter.<anonymous> (C:\Users\Nick\AppData\Roaming\nvm\v5.5.0\node_modules\npm\lib\utils\lifecycle.js:232:16)
14 verbose stack     at emitTwo (events.js:100:13)
14 verbose stack     at EventEmitter.emit (events.js:185:7)
14 verbose stack     at ChildProcess.<anonymous> (C:\Users\Nick\AppData\Roaming\nvm\v5.5.0\node_modules\npm\lib\utils\spawn.js:24:14)
14 verbose stack     at emitTwo (events.js:100:13)
14 verbose stack     at ChildProcess.emit (events.js:185:7)
14 verbose stack     at maybeClose (internal/child_process.js:821:16)
14 verbose stack     at Process.ChildProcess._handle.onexit (internal/child_process.js:211:5)
15 verbose pkgid image-processing@1.0.0
16 verbose cwd C:\GitHub\modules\procimg
17 error Windows_NT 10.0.10240
18 error argv "C:\\Program Files\\nodejs\\node.exe" "C:\\Program Files\\nodejs\\node_modules\\npm\\bin\\npm-cli.js" "run" "test"
19 error node v5.5.0
20 error npm  v3.3.12
21 error code ELIFECYCLE
22 error image-processing@1.0.0 test: `mocha --compilers js:babel-core/register`
22 error Exit status 3
23 error Failed at the image-processing@1.0.0 test script 'mocha --compilers js:babel-core/register'.
23 error Make sure you have the latest version of node.js and npm installed.
23 error If you do, this is most likely a problem with the image-processing package,
23 error not with npm itself.
23 error Tell the author that this fails on your system:
23 error     mocha --compilers js:babel-core/register
23 error You can get their info via:
23 error     npm owner ls image-processing
23 error There is likely additional logging output above.
24 verbose exit [ 1, true ]
